21:28:50 **** Incremental Build of configuration Debug for project robot_main ****
make -j12 all 
arm-none-eabi-gcc "../Core/mylibs/ydlidar/Ydlidar.c" -mcpu=cortex-m0plus -std=gnu11 -g3 -DDEBUG -DUSE_HAL_DRIVER -DSTM32G070xx -c -I../Core/Inc -I../Drivers/STM32G0xx_HAL_Driver/Inc -I../Drivers/STM32G0xx_HAL_Driver/Inc/Legacy -I../Drivers/CMSIS/Device/ST/STM32G0xx/Include -I../Drivers/CMSIS/Include -I../Middlewares/Third_Party/FreeRTOS/Source/include -I../Middlewares/Third_Party/FreeRTOS/Source/CMSIS_RTOS -I../Middlewares/Third_Party/FreeRTOS/Source/portable/GCC/ARM_CM0 -I"D:/ENSEA/Coursenensea/annee3/ESE/Systemes_a_microcontroleurs/TP/Projet_robot_chat/robot_main/Core/mylibs/board" -I"D:/ENSEA/Coursenensea/annee3/ESE/Systemes_a_microcontroleurs/TP/Projet_robot_chat/robot_main/Core/mylibs/bumper" -I"D:/ENSEA/Coursenensea/annee3/ESE/Systemes_a_microcontroleurs/TP/Projet_robot_chat/robot_main/Core/mylibs/led" -I"D:/ENSEA/Coursenensea/annee3/ESE/Systemes_a_microcontroleurs/TP/Projet_robot_chat/robot_main/Core/mylibs/motor" -I"D:/ENSEA/Coursenensea/annee3/ESE/Systemes_a_microcontroleurs/TP/Projet_robot_chat/robot_main/Core/mylibs/shell" -I"D:/ENSEA/Coursenensea/annee3/ESE/Systemes_a_microcontroleurs/TP/Projet_robot_chat/robot_main/Core/mylibs/ydlidar" -I"D:/ENSEA/Coursenensea/annee3/ESE/Systemes_a_microcontroleurs/TP/Projet_robot_chat/robot_main/Core/mylibs" -O0 -ffunction-sections -fdata-sections -Wall -fstack-usage -fcyclomatic-complexity -MMD -MP -MF"Core/mylibs/ydlidar/Ydlidar.d" -MT"Core/mylibs/ydlidar/Ydlidar.o" --specs=nano.specs -mfloat-abi=soft -mthumb -o "Core/mylibs/ydlidar/Ydlidar.o"
arm-none-eabi-gcc "../Core/mylibs/system.c" -mcpu=cortex-m0plus -std=gnu11 -g3 -DDEBUG -DUSE_HAL_DRIVER -DSTM32G070xx -c -I../Core/Inc -I../Drivers/STM32G0xx_HAL_Driver/Inc -I../Drivers/STM32G0xx_HAL_Driver/Inc/Legacy -I../Drivers/CMSIS/Device/ST/STM32G0xx/Include -I../Drivers/CMSIS/Include -I../Middlewares/Third_Party/FreeRTOS/Source/include -I../Middlewares/Third_Party/FreeRTOS/Source/CMSIS_RTOS -I../Middlewares/Third_Party/FreeRTOS/Source/portable/GCC/ARM_CM0 -I"D:/ENSEA/Coursenensea/annee3/ESE/Systemes_a_microcontroleurs/TP/Projet_robot_chat/robot_main/Core/mylibs/board" -I"D:/ENSEA/Coursenensea/annee3/ESE/Systemes_a_microcontroleurs/TP/Projet_robot_chat/robot_main/Core/mylibs/bumper" -I"D:/ENSEA/Coursenensea/annee3/ESE/Systemes_a_microcontroleurs/TP/Projet_robot_chat/robot_main/Core/mylibs/led" -I"D:/ENSEA/Coursenensea/annee3/ESE/Systemes_a_microcontroleurs/TP/Projet_robot_chat/robot_main/Core/mylibs/motor" -I"D:/ENSEA/Coursenensea/annee3/ESE/Systemes_a_microcontroleurs/TP/Projet_robot_chat/robot_main/Core/mylibs/shell" -I"D:/ENSEA/Coursenensea/annee3/ESE/Systemes_a_microcontroleurs/TP/Projet_robot_chat/robot_main/Core/mylibs/ydlidar" -I"D:/ENSEA/Coursenensea/annee3/ESE/Systemes_a_microcontroleurs/TP/Projet_robot_chat/robot_main/Core/mylibs" -O0 -ffunction-sections -fdata-sections -Wall -fstack-usage -fcyclomatic-complexity -MMD -MP -MF"Core/mylibs/system.d" -MT"Core/mylibs/system.o" --specs=nano.specs -mfloat-abi=soft -mthumb -o "Core/mylibs/system.o"
arm-none-eabi-gcc "../Core/Src/main.c" -mcpu=cortex-m0plus -std=gnu11 -g3 -DDEBUG -DUSE_HAL_DRIVER -DSTM32G070xx -c -I../Core/Inc -I../Drivers/STM32G0xx_HAL_Driver/Inc -I../Drivers/STM32G0xx_HAL_Driver/Inc/Legacy -I../Drivers/CMSIS/Device/ST/STM32G0xx/Include -I../Drivers/CMSIS/Include -I../Middlewares/Third_Party/FreeRTOS/Source/include -I../Middlewares/Third_Party/FreeRTOS/Source/CMSIS_RTOS -I../Middlewares/Third_Party/FreeRTOS/Source/portable/GCC/ARM_CM0 -I"D:/ENSEA/Coursenensea/annee3/ESE/Systemes_a_microcontroleurs/TP/Projet_robot_chat/robot_main/Core/mylibs/board" -I"D:/ENSEA/Coursenensea/annee3/ESE/Systemes_a_microcontroleurs/TP/Projet_robot_chat/robot_main/Core/mylibs/bumper" -I"D:/ENSEA/Coursenensea/annee3/ESE/Systemes_a_microcontroleurs/TP/Projet_robot_chat/robot_main/Core/mylibs/led" -I"D:/ENSEA/Coursenensea/annee3/ESE/Systemes_a_microcontroleurs/TP/Projet_robot_chat/robot_main/Core/mylibs/motor" -I"D:/ENSEA/Coursenensea/annee3/ESE/Systemes_a_microcontroleurs/TP/Projet_robot_chat/robot_main/Core/mylibs/shell" -I"D:/ENSEA/Coursenensea/annee3/ESE/Systemes_a_microcontroleurs/TP/Projet_robot_chat/robot_main/Core/mylibs/ydlidar" -I"D:/ENSEA/Coursenensea/annee3/ESE/Systemes_a_microcontroleurs/TP/Projet_robot_chat/robot_main/Core/mylibs" -O0 -ffunction-sections -fdata-sections -Wall -fstack-usage -fcyclomatic-complexity -MMD -MP -MF"Core/Src/main.d" -MT"Core/Src/main.o" --specs=nano.specs -mfloat-abi=soft -mthumb -o "Core/Src/main.o"
In file included from ../Core/mylibs/ydlidar/Ydlidar.h:6,
                 from ../Core/mylibs/ydlidar/Ydlidar.c:1:
D:/ENSEA/Coursenensea/annee3/ESE/Systemes_a_microcontroleurs/TP/Projet_robot_chat/robot_main/Core/mylibs/system.h:11:8: error: unknown type name 'ScanPointCount_t'
   11 | extern ScanPointCount_t PointDataProcess[MaxScanPointCount];
      |        ^~~~~~~~~~~~~~~~
D:/ENSEA/Coursenensea/annee3/ESE/Systemes_a_microcontroleurs/TP/Projet_robot_chat/robot_main/Core/mylibs/system.h:11:42: error: 'MaxScanPointCount' undeclared here (not in a function)
   11 | extern ScanPointCount_t PointDataProcess[MaxScanPointCount];
      |                                          ^~~~~~~~~~~~~~~~~
make: *** [Core/mylibs/ydlidar/subdir.mk:19: Core/mylibs/ydlidar/Ydlidar.o] Error 1
make: *** Waiting for unfinished jobs....
In file included from D:/ENSEA/Coursenensea/annee3/ESE/Systemes_a_microcontroleurs/TP/Projet_robot_chat/robot_main/Core/mylibs/ydlidar/ydlidar.h:6,
                 from ../Core/Src/main.c:31:
D:/ENSEA/Coursenensea/annee3/ESE/Systemes_a_microcontroleurs/TP/Projet_robot_chat/robot_main/Core/mylibs/system.h:11:8: error: unknown type name 'ScanPointCount_t'
   11 | extern ScanPointCount_t PointDataProcess[MaxScanPointCount];
      |        ^~~~~~~~~~~~~~~~
D:/ENSEA/Coursenensea/annee3/ESE/Systemes_a_microcontroleurs/TP/Projet_robot_chat/robot_main/Core/mylibs/system.h:11:42: error: 'MaxScanPointCount' undeclared here (not in a function)
   11 | extern ScanPointCount_t PointDataProcess[MaxScanPointCount];
      |                                          ^~~~~~~~~~~~~~~~~
make: *** [Core/Src/subdir.mk:49: Core/Src/main.o] Error 1
"make -j12 all" terminated with exit code 2. Build might be incomplete.

21:28:51 Build Failed. 7 errors, 0 warnings. (took 819ms)

